<?xml version="1.0" encoding="UTF-8"?>
<testng-results ignored="0" total="5" passed="4" failed="1" skipped="0">
  <reporter-output>
  </reporter-output>
  <suite started-at="2022-01-09T10:03:36 EST" name="Default suite" finished-at="2022-01-09T10:04:09 EST" duration-ms="33121">
    <groups>
    </groups>
    <test started-at="2022-01-09T10:03:36 EST" name="Default test" finished-at="2022-01-09T10:04:09 EST" duration-ms="33121">
      <class name="testNGTesting.GoogleSearchTestNG">
        <test-method is-config="true" signature="browserOpen()[pri:0, instance:testNGTesting.GoogleSearchTestNG@247d8ae]" started-at="2022-01-09T10:03:36 EST" name="browserOpen" finished-at="2022-01-09T10:03:42 EST" duration-ms="5983" status="PASS">
          <reporter-output>
          </reporter-output>
        </test-method> <!-- browserOpen -->
        <test-method signature="clickOnLink()[pri:0, instance:testNGTesting.GoogleSearchTestNG@247d8ae]" started-at="2022-01-09T10:03:42 EST" name="clickOnLink" finished-at="2022-01-09T10:03:42 EST" duration-ms="31" status="FAIL">
          <exception class="org.openqa.selenium.NoSuchElementException">
            <message>
              <![CDATA[no such element: Unable to locate element: {"method":"xpath","selector":"//h3[contains(text(),'American Express Credit Cards, Rewards & Banking')]"}
  (Session info: chrome=97.0.4692.71)
For documentation on this error, please visit: https://selenium.dev/exceptions/#no_such_element
Build info: version: '4.0.0-beta-1', revision: '9c03156c2b'
System info: host: 'MOHAMMEDs-MBP', ip: 'fe80:0:0:0:449:791b:2d85:3967%en0', os.name: 'Mac OS X', os.arch: 'x86_64', os.version: '11.4', java.version: '16.0.1'
Driver info: org.openqa.selenium.chrome.ChromeDriver
Command: [d021cf11e1fc6638f9b034204b10df93, findElement {using=xpath, value=//h3[contains(text(),'American Express Credit Cards, Rewards & Banking')]}]
Capabilities {acceptInsecureCerts: false, browserName: chrome, browserVersion: 97.0.4692.71, chrome: {chromedriverVersion: 96.0.4664.45 (76e4c1bb2ab46..., userDataDir: /var/folders/mh/j8nlfc5d1mn...}, goog:chromeOptions: {debuggerAddress: localhost:56128}, javascriptEnabled: true, networkConnectionEnabled: false, pageLoadStrategy: normal, platform: MAC, platformName: MAC, proxy: Proxy(), setWindowRect: true, strictFileInteractability: false, timeouts: {implicit: 0, pageLoad: 300000, script: 30000}, unhandledPromptBehavior: dismiss and notify, webauthn:extension:credBlob: true, webauthn:extension:largeBlob: true, webauthn:virtualAuthenticators: true}
Session ID: d021cf11e1fc6638f9b034204b10df93]]>
            </message>
            <full-stacktrace>
              <![CDATA[org.openqa.selenium.NoSuchElementException: no such element: Unable to locate element: {"method":"xpath","selector":"//h3[contains(text(),'American Express Credit Cards, Rewards & Banking')]"}
  (Session info: chrome=97.0.4692.71)
For documentation on this error, please visit: https://selenium.dev/exceptions/#no_such_element
Build info: version: '4.0.0-beta-1', revision: '9c03156c2b'
System info: host: 'MOHAMMEDs-MBP', ip: 'fe80:0:0:0:449:791b:2d85:3967%en0', os.name: 'Mac OS X', os.arch: 'x86_64', os.version: '11.4', java.version: '16.0.1'
Driver info: org.openqa.selenium.chrome.ChromeDriver
Command: [d021cf11e1fc6638f9b034204b10df93, findElement {using=xpath, value=//h3[contains(text(),'American Express Credit Cards, Rewards & Banking')]}]
Capabilities {acceptInsecureCerts: false, browserName: chrome, browserVersion: 97.0.4692.71, chrome: {chromedriverVersion: 96.0.4664.45 (76e4c1bb2ab46..., userDataDir: /var/folders/mh/j8nlfc5d1mn...}, goog:chromeOptions: {debuggerAddress: localhost:56128}, javascriptEnabled: true, networkConnectionEnabled: false, pageLoadStrategy: normal, platform: MAC, platformName: MAC, proxy: Proxy(), setWindowRect: true, strictFileInteractability: false, timeouts: {implicit: 0, pageLoad: 300000, script: 30000}, unhandledPromptBehavior: dismiss and notify, webauthn:extension:credBlob: true, webauthn:extension:largeBlob: true, webauthn:virtualAuthenticators: true}
Session ID: d021cf11e1fc6638f9b034204b10df93
at java.base/jdk.internal.reflect.NativeConstructorAccessorImpl.newInstance0(Native Method)
at java.base/jdk.internal.reflect.NativeConstructorAccessorImpl.newInstance(NativeConstructorAccessorImpl.java:78)
at java.base/jdk.internal.reflect.DelegatingConstructorAccessorImpl.newInstance(DelegatingConstructorAccessorImpl.java:45)
at java.base/java.lang.reflect.Constructor.newInstanceWithCaller(Constructor.java:499)
at java.base/java.lang.reflect.Constructor.newInstance(Constructor.java:480)
at org.openqa.selenium.remote.codec.w3c.W3CHttpResponseCodec.createException(W3CHttpResponseCodec.java:195)
at org.openqa.selenium.remote.codec.w3c.W3CHttpResponseCodec.decode(W3CHttpResponseCodec.java:128)
at org.openqa.selenium.remote.codec.w3c.W3CHttpResponseCodec.decode(W3CHttpResponseCodec.java:52)
at org.openqa.selenium.remote.HttpCommandExecutor.execute(HttpCommandExecutor.java:181)
at org.openqa.selenium.remote.service.DriverCommandExecutor.invokeExecute(DriverCommandExecutor.java:153)
at org.openqa.selenium.remote.service.DriverCommandExecutor.execute(DriverCommandExecutor.java:128)
at org.openqa.selenium.remote.RemoteWebDriver.execute(RemoteWebDriver.java:620)
at org.openqa.selenium.remote.RemoteWebDriver$Mechanism$2.findElement(RemoteWebDriver.java:1255)
at org.openqa.selenium.remote.RemoteWebDriver.findElement(RemoteWebDriver.java:388)
at org.openqa.selenium.remote.RemoteWebDriver.findElement(RemoteWebDriver.java:382)
at testNGTesting.GoogleSearchTestNG.clickOnLink(GoogleSearchTestNG.java:65)
at java.base/jdk.internal.reflect.NativeMethodAccessorImpl.invoke0(Native Method)
at java.base/jdk.internal.reflect.NativeMethodAccessorImpl.invoke(NativeMethodAccessorImpl.java:78)
at java.base/jdk.internal.reflect.DelegatingMethodAccessorImpl.invoke(DelegatingMethodAccessorImpl.java:43)
at java.base/java.lang.reflect.Method.invoke(Method.java:567)
at org.testng.internal.MethodInvocationHelper.invokeMethod(MethodInvocationHelper.java:133)
at org.testng.internal.TestInvoker.invokeMethod(TestInvoker.java:598)
at org.testng.internal.TestInvoker.invokeTestMethod(TestInvoker.java:173)
at org.testng.internal.MethodRunner.runInSequence(MethodRunner.java:46)
at org.testng.internal.TestInvoker$MethodInvocationAgent.invoke(TestInvoker.java:824)
at org.testng.internal.TestInvoker.invokeTestMethods(TestInvoker.java:146)
at org.testng.internal.TestMethodWorker.invokeTestMethods(TestMethodWorker.java:146)
at org.testng.internal.TestMethodWorker.run(TestMethodWorker.java:128)
at java.base/java.util.ArrayList.forEach(ArrayList.java:1511)
at org.testng.TestRunner.privateRun(TestRunner.java:794)
at org.testng.TestRunner.run(TestRunner.java:596)
at org.testng.SuiteRunner.runTest(SuiteRunner.java:377)
at org.testng.SuiteRunner.runSequentially(SuiteRunner.java:371)
at org.testng.SuiteRunner.privateRun(SuiteRunner.java:332)
at org.testng.SuiteRunner.run(SuiteRunner.java:276)
at org.testng.SuiteRunnerWorker.runSuite(SuiteRunnerWorker.java:53)
at org.testng.SuiteRunnerWorker.run(SuiteRunnerWorker.java:96)
at org.testng.TestNG.runSuitesSequentially(TestNG.java:1212)
at org.testng.TestNG.runSuitesLocally(TestNG.java:1134)
at org.testng.TestNG.runSuites(TestNG.java:1063)
at org.testng.TestNG.run(TestNG.java:1031)
at org.testng.remote.AbstractRemoteTestNG.run(AbstractRemoteTestNG.java:115)
at org.testng.remote.RemoteTestNG.initAndRun(RemoteTestNG.java:251)
at org.testng.remote.RemoteTestNG.main(RemoteTestNG.java:77)
]]>
            </full-stacktrace>
          </exception> <!-- org.openqa.selenium.NoSuchElementException -->
          <reporter-output>
          </reporter-output>
        </test-method> <!-- clickOnLink -->
        <test-method is-config="true" signature="closeBrowser()[pri:0, instance:testNGTesting.GoogleSearchTestNG@247d8ae]" started-at="2022-01-09T10:03:42 EST" name="closeBrowser" finished-at="2022-01-09T10:03:42 EST" duration-ms="135" status="PASS">
          <reporter-output>
          </reporter-output>
        </test-method> <!-- closeBrowser -->
        <test-method is-config="true" signature="browserOpen()[pri:0, instance:testNGTesting.GoogleSearchTestNG@247d8ae]" started-at="2022-01-09T10:03:42 EST" name="browserOpen" finished-at="2022-01-09T10:03:50 EST" duration-ms="7941" status="PASS">
          <reporter-output>
          </reporter-output>
        </test-method> <!-- browserOpen -->
        <test-method signature="clickOnResult()[pri:0, instance:testNGTesting.GoogleSearchTestNG@247d8ae]" started-at="2022-01-09T10:03:50 EST" name="clickOnResult" finished-at="2022-01-09T10:03:50 EST" duration-ms="25" status="PASS">
          <reporter-output>
          </reporter-output>
        </test-method> <!-- clickOnResult -->
        <test-method is-config="true" signature="closeBrowser()[pri:0, instance:testNGTesting.GoogleSearchTestNG@247d8ae]" started-at="2022-01-09T10:03:50 EST" name="closeBrowser" finished-at="2022-01-09T10:03:50 EST" duration-ms="90" status="PASS">
          <reporter-output>
          </reporter-output>
        </test-method> <!-- closeBrowser -->
        <test-method is-config="true" signature="browserOpen()[pri:0, instance:testNGTesting.GoogleSearchTestNG@247d8ae]" started-at="2022-01-09T10:03:50 EST" name="browserOpen" finished-at="2022-01-09T10:03:55 EST" duration-ms="5187" status="PASS">
          <reporter-output>
          </reporter-output>
        </test-method> <!-- browserOpen -->
        <test-method signature="getTitleUrl()[pri:0, instance:testNGTesting.GoogleSearchTestNG@247d8ae]" started-at="2022-01-09T10:03:55 EST" name="getTitleUrl" finished-at="2022-01-09T10:03:55 EST" duration-ms="13" status="PASS">
          <reporter-output>
          </reporter-output>
        </test-method> <!-- getTitleUrl -->
        <test-method is-config="true" signature="closeBrowser()[pri:0, instance:testNGTesting.GoogleSearchTestNG@247d8ae]" started-at="2022-01-09T10:03:55 EST" name="closeBrowser" finished-at="2022-01-09T10:03:55 EST" duration-ms="91" status="PASS">
          <reporter-output>
          </reporter-output>
        </test-method> <!-- closeBrowser -->
        <test-method is-config="true" signature="browserOpen()[pri:0, instance:testNGTesting.GoogleSearchTestNG@247d8ae]" started-at="2022-01-09T10:03:55 EST" name="browserOpen" finished-at="2022-01-09T10:04:00 EST" duration-ms="5054" status="PASS">
          <reporter-output>
          </reporter-output>
        </test-method> <!-- browserOpen -->
        <test-method signature="linkSizeAndTitle()[pri:0, instance:testNGTesting.GoogleSearchTestNG@247d8ae]" started-at="2022-01-09T10:04:00 EST" name="linkSizeAndTitle" finished-at="2022-01-09T10:04:00 EST" duration-ms="197" status="PASS">
          <reporter-output>
          </reporter-output>
        </test-method> <!-- linkSizeAndTitle -->
        <test-method is-config="true" signature="closeBrowser()[pri:0, instance:testNGTesting.GoogleSearchTestNG@247d8ae]" started-at="2022-01-09T10:04:00 EST" name="closeBrowser" finished-at="2022-01-09T10:04:00 EST" duration-ms="86" status="PASS">
          <reporter-output>
          </reporter-output>
        </test-method> <!-- closeBrowser -->
        <test-method is-config="true" signature="browserOpen()[pri:0, instance:testNGTesting.GoogleSearchTestNG@247d8ae]" started-at="2022-01-09T10:04:00 EST" name="browserOpen" finished-at="2022-01-09T10:04:05 EST" duration-ms="5072" status="PASS">
          <reporter-output>
          </reporter-output>
        </test-method> <!-- browserOpen -->
        <test-method signature="search()[pri:0, instance:testNGTesting.GoogleSearchTestNG@247d8ae]" started-at="2022-01-09T10:04:05 EST" name="search" finished-at="2022-01-09T10:04:09 EST" duration-ms="3087" status="PASS">
          <reporter-output>
          </reporter-output>
        </test-method> <!-- search -->
        <test-method is-config="true" signature="closeBrowser()[pri:0, instance:testNGTesting.GoogleSearchTestNG@247d8ae]" started-at="2022-01-09T10:04:09 EST" name="closeBrowser" finished-at="2022-01-09T10:04:09 EST" duration-ms="93" status="PASS">
          <reporter-output>
          </reporter-output>
        </test-method> <!-- closeBrowser -->
      </class> <!-- testNGTesting.GoogleSearchTestNG -->
    </test> <!-- Default test -->
  </suite> <!-- Default suite -->
</testng-results>
